#-----------------------------------------------------------
# Vivado v2020.2 (64-bit)
# SW Build 3064766 on Wed Nov 18 09:12:45 MST 2020
# IP Build 3064653 on Wed Nov 18 14:17:31 MST 2020
# Start of session at: Thu May 19 14:13:16 2022
# Process ID: 15116
# Current directory: D:/_University_/__AN-2__/Semestrul_2/SCID/Proiect/Proiect_PingPong
# Command line: vivado.exe -gui_launcher_event rodinguilauncherevent8684 D:\_University_\__AN-2__\Semestrul_2\SCID\Proiect\Proiect_PingPong\Proiect_PingPong.xpr
# Log file: D:/_University_/__AN-2__/Semestrul_2/SCID/Proiect/Proiect_PingPong/vivado.log
# Journal file: D:/_University_/__AN-2__/Semestrul_2/SCID/Proiect/Proiect_PingPong\vivado.jou
#-----------------------------------------------------------
start_gui
open_project D:/_University_/__AN-2__/Semestrul_2/SCID/Proiect/Proiect_PingPong/Proiect_PingPong.xpr
WARNING: [filemgmt 56-3] Default IP Output Path : Could not find the directory 'D:/_University_/__AN-2__/Semestrul_2/SCID/Proiect/Proiect_PingPong/Proiect_PingPong.gen/sources_1'.
SScanning sources...FFinished scanning sourcesINFO: [IP_Flow 19-234] Refreshing IP repositories
INFO: [IP_Flow 19-1704] No user IP repositories specified
IINFO: [IP_Flow 19-2313] Loaded Vivado IP repository 'D:/_University_/CID/Vivado/2020.2/data/ip'.oopen_project: Time (s): cpu = 00:00:24 ; elapsed = 00:00:08 . Memory (MB): peak = 1003.984 ; gain = 0.000uupdate_compile_order -fileset sources_1eadd_files -fileset constrs_1 -norecurse {{D:/_University_/__AN-2__/Semestrul_2/SCID/Project2 - WhackaMole/basys3.xdc}}
reset_run synth_1
launch_runs impl_1 -to_step write_bitstream -jobs 6
[Thu May 19 14:14:55 2022] Launched synth_1...
Run output will be captured here: D:/_University_/__AN-2__/Semestrul_2/SCID/Proiect/Proiect_PingPong/Proiect_PingPong.runs/synth_1/runme.log
[Thu May 19 14:14:55 2022] Launched impl_1...
Run output will be captured here: D:/_University_/__AN-2__/Semestrul_2/SCID/Proiect/Proiect_PingPong/Proiect_PingPong.runs/impl_1/runme.log
export_ip_user_files -of_objects  [get_files {{D:/_University_/__AN-2__/Semestrul_2/SCID/Project2 - WhackaMole/basys3.xdc}}] -no_script -reset -force -quiet
remove_files  -fileset constrs_1 {{D:/_University_/__AN-2__/Semestrul_2/SCID/Project2 - WhackaMole/basys3.xdc}}
file mkdir D:/_University_/__AN-2__/Semestrul_2/SCID/Proiect/Proiect_PingPong/Proiect_PingPong.srcs/constrs_1
file mkdir D:/_University_/__AN-2__/Semestrul_2/SCID/Proiect/Proiect_PingPong/Proiect_PingPong.srcs/constrs_1/new
close [ open D:/_University_/__AN-2__/Semestrul_2/SCID/Proiect/Proiect_PingPong/Proiect_PingPong.srcs/constrs_1/new/basys3.xdc w ]
add_files -fileset constrs_1 D:/_University_/__AN-2__/Semestrul_2/SCID/Proiect/Proiect_PingPong/Proiect_PingPong.srcs/constrs_1/new/basys3.xdc
reset_run synth_1
launch_runs synth_1 -jobs 6
[Thu May 19 14:32:55 2022] Launched synth_1...
Run output will be captured here: D:/_University_/__AN-2__/Semestrul_2/SCID/Proiect/Proiect_PingPong/Proiect_PingPong.runs/synth_1/runme.log
close_project
create_project Cartita D:/_University_/__AN-2__/Semestrul_2/SCID/Proiect/Cartita -part xa7a35tcpg236-1I
INFO: [IP_Flow 19-234] Refreshing IP repositories
INFO: [IP_Flow 19-1704] No user IP repositories specified
INFO: [IP_Flow 19-2313] Loaded Vivado IP repository 'D:/_University_/CID/Vivado/2020.2/data/ip'.
set_property target_language VHDL [current_project]
add_files -norecurse {{C:/Users/Larisa/Downloads/OneDrive_2022-05-19/Project2 - WhackaMole/driver7seg.vhd} {C:/Users/Larisa/Downloads/OneDrive_2022-05-19/Project2 - WhackaMole/fsm.vhd}}
update_compile_order -fileset sources_1
add_files -fileset constrs_1 -norecurse {{C:/Users/Larisa/Downloads/OneDrive_2022-05-19/Project2 - WhackaMole/basys3.xdc}}
launch_runs synth_1 -jobs 6
[Thu May 19 14:41:28 2022] Launched synth_1...
Run output will be captured here: D:/_University_/__AN-2__/Semestrul_2/SCID/Proiect/Cartita/Cartita.runs/synth_1/runme.log
launch_runs impl_1 -jobs 6
[Thu May 19 14:42:31 2022] Launched impl_1...
Run output will be captured here: D:/_University_/__AN-2__/Semestrul_2/SCID/Proiect/Cartita/Cartita.runs/impl_1/runme.log
launch_runs impl_1 -to_step write_bitstream -jobs 6
[Thu May 19 14:44:01 2022] Launched impl_1...
Run output will be captured here: D:/_University_/__AN-2__/Semestrul_2/SCID/Proiect/Cartita/Cartita.runs/impl_1/runme.log
open_hw_manager
connect_hw_server -allow_non_jtag
INFO: [Labtools 27-2285] Connecting to hw_server url TCP:localhost:3121
INFO: [Labtools 27-2222] Launching hw_server...
INFO: [Labtools 27-2221] Launch Output:

****** Xilinx hw_server v2020.2
  **** Build date : Nov 18 2020 at 10:01:48
    ** Copyright 1986-2020 Xilinx, Inc. All Rights Reserved.


INFO: [Labtools 27-3415] Connecting to cs_server url TCP:localhost:3042
INFO: [Labtools 27-3417] Launching cs_server...
INFO: [Labtools 27-2221] Launch Output:


******** Xilinx cs_server v2020.2
  ****** Build date   : Nov 03 2020-23:02:56
    **** Build number : 2020.2.1604437376
      ** Copyright 2017-2020 Xilinx, Inc. All Rights Reserved.



connect_hw_server: Time (s): cpu = 00:00:00 ; elapsed = 00:00:14 . Memory (MB): peak = 1003.984 ; gain = 0.000
open_hw_target
INFO: [Labtoolstcl 44-466] Opening hw_target localhost:3121/xilinx_tcf/Digilent/210183AA142CA
open_hw_target: Time (s): cpu = 00:00:08 ; elapsed = 00:00:08 . Memory (MB): peak = 2388.734 ; gain = 1384.750
current_hw_device [get_hw_devices xc7a35t_0]
refresh_hw_device -update_hw_probes false [lindex [get_hw_devices xc7a35t_0] 0]
INFO: [Labtools 27-1434] Device xc7a35t (JTAG device index = 0) is programmed with a design that has no supported debug core(s) in it.
set_property PROBES.FILE {} [get_hw_devices xc7a35t_0]
set_property FULL_PROBES.FILE {} [get_hw_devices xc7a35t_0]
set_property PROGRAM.FILE {D:/_University_/__AN-2__/Semestrul_2/SCID/Proiect/Cartita/Cartita.runs/impl_1/fsm.bit} [get_hw_devices xc7a35t_0]
program_hw_devices [get_hw_devices xc7a35t_0]
INFO: [Labtools 27-3164] End of startup status: HIGH
refresh_hw_device [lindex [get_hw_devices xc7a35t_0] 0]
INFO: [Labtools 27-1434] Device xc7a35t (JTAG device index = 0) is programmed with a design that has no supported debug core(s) in it.
ERROR: [Labtoolstcl 44-513] HW Target shutdown. Closing target: localhost:3121/xilinx_tcf/Digilent/210183AA142CA
close_hw_manager
exit
INFO: [Common 17-206] Exiting Vivado at Thu May 19 22:57:34 2022...
